<?xml version="1.0" encoding="UTF-8"?>
<!-- Generated by org.testng.reporters.JUnitReportReporter -->
<testsuite hostname="DESKTOP-TB3684R" failures="0" tests="4" name="com.impor.pages.TestNgKey" time="0.037" errors="0" timestamp="2023-03-27T16:37:07 IST" skipped="0">
  <testcase classname="com.impor.pages.TestNgKey" name="TestMethod1" time="0.005"/>
  <system-out/>
  <testcase classname="com.impor.pages.TestNgKey" name="TestMethod1" time="0.022"/>
  <system-out/>
  <testcase classname="com.impor.pages.TestNgKey" name="TestMethod2" time="0.006"/>
  <system-out/>
  <testcase classname="com.impor.pages.TestNgKey" name="TestMethod1" time="0.004"/>
  <system-out/>
</testsuite> <!-- com.impor.pages.TestNgKey -->
