<?xml version="1.0" encoding="UTF-8"?>
<!-- Generated by org.testng.reporters.JUnitReportReporter -->
<testsuite hostname="DESKTOP-TB3684R" failures="0" tests="2" name="com.impor.pages.CrossBrowserTestting" time="19.480" errors="0" timestamp="2023-03-27T16:34:27 IST" skipped="0">
  <testcase classname="com.impor.pages.CrossBrowserTestting" name="crossBrowser" time="12.149"/>
  <system-out/>
  <testcase classname="com.impor.pages.CrossBrowserTestting" name="crossBrowser" time="7.331"/>
  <system-out/>
</testsuite> <!-- com.impor.pages.CrossBrowserTestting -->
