<?xml version="1.0" encoding="UTF-8"?>
<!-- Generated by org.testng.reporters.JUnitReportReporter -->
<testsuite hostname="DESKTOP-TB3684R" failures="0" tests="1" name="com.impor.pages.DataFromThePropertyFile" time="3.970" errors="0" timestamp="2023-04-06T17:54:59 IST" skipped="0">
  <testcase classname="com.impor.pages.DataFromThePropertyFile" name="openBrowser" time="3.970"/>
  <system-out/>
</testsuite> <!-- com.impor.pages.DataFromThePropertyFile -->
